app/build/intermediates/manifest_merge_blame_file/debug/manifest-merger-blame-debug-report.txt
1<?xml version="1.0" encoding="utf-8"?>
2<manifest xmlns:android="http://schemas.android.com/apk/res/android"
3    package="com.example.upmessenger"
4    android:versionCode="1"
5    android:versionName="1.0" >
6
7    <uses-sdk
8        android:minSdkVersion="19"
8-->src\main\AndroidManifest.xml
9        android:targetSdkVersion="30" />
9-->src\main\AndroidManifest.xml
10
11    <uses-permission android:name="android.permission.INTERNET" />
11-->[com.google.firebase:firebase-auth:21.0.1] AndroidManifest.xml:23:5-67
11-->[com.google.firebase:firebase-auth:21.0.1] AndroidManifest.xml:23:22-64
12    <uses-permission android:name="android.permission.ACCESS_NETWORK_STATE" />
12-->[com.google.firebase:firebase-auth:21.0.1] AndroidManifest.xml:24:5-79
12-->[com.google.firebase:firebase-auth:21.0.1] AndroidManifest.xml:24:22-76
13    <uses-permission android:name="com.google.android.finsky.permission.BIND_GET_INSTALL_REFERRER_SERVICE" />
13-->[com.android.installreferrer:installreferrer:1.0] AndroidManifest.xml:9:5-110
13-->[com.android.installreferrer:installreferrer:1.0] AndroidManifest.xml:9:22-107
14
15    <application
15-->src\main\AndroidManifest.xml:7:5-42:19
16        android:allowBackup="true"
16-->src\main\AndroidManifest.xml:9:9-35
17        android:appComponentFactory="androidx.core.app.CoreComponentFactory"
17-->[androidx.core:core:1.3.1] AndroidManifest.xml:24:18-86
18        android:debuggable="true"
19        android:icon="@mipmap/ic_launcher"
19-->src\main\AndroidManifest.xml:10:9-43
20        android:label="@string/app_name"
20-->src\main\AndroidManifest.xml:11:9-41
21        android:roundIcon="@mipmap/ic_launcher_round"
21-->src\main\AndroidManifest.xml:12:9-54
22        android:supportsRtl="true"
22-->src\main\AndroidManifest.xml:13:9-35
23        android:testOnly="true"
24        android:theme="@style/Theme.UpMessenger" >
24-->src\main\AndroidManifest.xml:14:9-49
25        <meta-data
25-->src\main\AndroidManifest.xml:15:9-16:54
26            android:name="com.facebook.sdk.ApplicationId"
26-->src\main\AndroidManifest.xml:15:20-65
27            android:value="@string/facebook_app_id" />
27-->src\main\AndroidManifest.xml:16:13-52
28
29        <activity
29-->src\main\AndroidManifest.xml:18:9-21:48
30            android:name="com.facebook.FacebookActivity"
30-->src\main\AndroidManifest.xml:18:19-63
31            android:configChanges="keyboard|keyboardHidden|screenLayout|screenSize|orientation"
31-->src\main\AndroidManifest.xml:19:13-114
32            android:label="@string/app_name"
32-->src\main\AndroidManifest.xml:21:13-45
33            android:theme="@style/com_facebook_activity_theme" />
33-->[com.facebook.android:facebook-common:5.15.3] AndroidManifest.xml:33:13-63
34        <activity
34-->src\main\AndroidManifest.xml:22:9-31:20
35            android:name="com.facebook.CustomTabActivity"
35-->src\main\AndroidManifest.xml:23:13-58
36            android:exported="true" >
36-->src\main\AndroidManifest.xml:24:13-36
37            <intent-filter>
37-->src\main\AndroidManifest.xml:25:13-30:29
38                <action android:name="android.intent.action.VIEW" />
38-->src\main\AndroidManifest.xml:26:17-69
38-->src\main\AndroidManifest.xml:26:25-66
39
40                <category android:name="android.intent.category.DEFAULT" />
40-->src\main\AndroidManifest.xml:27:17-76
40-->src\main\AndroidManifest.xml:27:27-73
41                <category android:name="android.intent.category.BROWSABLE" />
41-->src\main\AndroidManifest.xml:28:17-78
41-->src\main\AndroidManifest.xml:28:27-75
42
43                <data android:scheme="@string/fb_login_protocol_scheme" />
43-->src\main\AndroidManifest.xml:29:17-75
43-->src\main\AndroidManifest.xml:29:23-72
44            </intent-filter>
45            <intent-filter>
45-->[com.facebook.android:facebook-common:5.15.3] AndroidManifest.xml:39:13-48:29
46                <action android:name="android.intent.action.VIEW" />
46-->src\main\AndroidManifest.xml:26:17-69
46-->src\main\AndroidManifest.xml:26:25-66
47
48                <category android:name="android.intent.category.DEFAULT" />
48-->src\main\AndroidManifest.xml:27:17-76
48-->src\main\AndroidManifest.xml:27:27-73
49                <category android:name="android.intent.category.BROWSABLE" />
49-->src\main\AndroidManifest.xml:28:17-78
49-->src\main\AndroidManifest.xml:28:27-75
50
51                <data
51-->src\main\AndroidManifest.xml:29:17-75
52                    android:host="cct.com.example.upmessenger"
53                    android:scheme="fbconnect" />
53-->src\main\AndroidManifest.xml:29:23-72
54            </intent-filter>
55        </activity>
56        <activity android:name="com.example.upmessenger.Activity.SignInActivity" >
56-->src\main\AndroidManifest.xml:33:9-39:20
56-->src\main\AndroidManifest.xml:33:19-58
57            <intent-filter>
57-->src\main\AndroidManifest.xml:34:13-38:29
58                <action android:name="android.intent.action.MAIN" />
58-->src\main\AndroidManifest.xml:35:17-69
58-->src\main\AndroidManifest.xml:35:25-66
59
60                <category android:name="android.intent.category.LAUNCHER" />
60-->src\main\AndroidManifest.xml:37:17-77
60-->src\main\AndroidManifest.xml:37:27-74
61            </intent-filter>
62        </activity>
63        <activity android:name="com.example.upmessenger.Activity.SignUpActivity" />
63-->src\main\AndroidManifest.xml:40:9-70
63-->src\main\AndroidManifest.xml:40:19-58
64        <activity android:name="com.example.upmessenger.Activity.MainActivity" />
64-->src\main\AndroidManifest.xml:41:9-68
64-->src\main\AndroidManifest.xml:41:19-56
65        <activity android:name="com.facebook.CustomTabMainActivity" />
65-->[com.facebook.android:facebook-common:5.15.3] AndroidManifest.xml:34:9-71
65-->[com.facebook.android:facebook-common:5.15.3] AndroidManifest.xml:34:19-68
66        <activity
66-->[com.google.firebase:firebase-auth:21.0.1] AndroidManifest.xml:27:9-44:20
67            android:name="com.google.firebase.auth.internal.GenericIdpActivity"
67-->[com.google.firebase:firebase-auth:21.0.1] AndroidManifest.xml:28:13-80
68            android:excludeFromRecents="true"
68-->[com.google.firebase:firebase-auth:21.0.1] AndroidManifest.xml:29:13-46
69            android:exported="true"
69-->[com.google.firebase:firebase-auth:21.0.1] AndroidManifest.xml:30:13-36
70            android:launchMode="singleTask"
70-->[com.google.firebase:firebase-auth:21.0.1] AndroidManifest.xml:31:13-44
71            android:theme="@android:style/Theme.Translucent.NoTitleBar" >
71-->[com.google.firebase:firebase-auth:21.0.1] AndroidManifest.xml:32:13-72
72            <intent-filter>
72-->[com.google.firebase:firebase-auth:21.0.1] AndroidManifest.xml:33:13-43:29
73                <action android:name="android.intent.action.VIEW" />
73-->src\main\AndroidManifest.xml:26:17-69
73-->src\main\AndroidManifest.xml:26:25-66
74
75                <category android:name="android.intent.category.DEFAULT" />
75-->src\main\AndroidManifest.xml:27:17-76
75-->src\main\AndroidManifest.xml:27:27-73
76                <category android:name="android.intent.category.BROWSABLE" />
76-->src\main\AndroidManifest.xml:28:17-78
76-->src\main\AndroidManifest.xml:28:27-75
77
78                <data
78-->src\main\AndroidManifest.xml:29:17-75
79                    android:host="firebase.auth"
80                    android:path="/"
81                    android:scheme="genericidp" />
81-->src\main\AndroidManifest.xml:29:23-72
82            </intent-filter>
83        </activity>
84        <activity
84-->[com.google.firebase:firebase-auth:21.0.1] AndroidManifest.xml:45:9-62:20
85            android:name="com.google.firebase.auth.internal.RecaptchaActivity"
85-->[com.google.firebase:firebase-auth:21.0.1] AndroidManifest.xml:46:13-79
86            android:excludeFromRecents="true"
86-->[com.google.firebase:firebase-auth:21.0.1] AndroidManifest.xml:47:13-46
87            android:exported="true"
87-->[com.google.firebase:firebase-auth:21.0.1] AndroidManifest.xml:48:13-36
88            android:launchMode="singleTask"
88-->[com.google.firebase:firebase-auth:21.0.1] AndroidManifest.xml:49:13-44
89            android:theme="@android:style/Theme.Translucent.NoTitleBar" >
89-->[com.google.firebase:firebase-auth:21.0.1] AndroidManifest.xml:50:13-72
90            <intent-filter>
90-->[com.google.firebase:firebase-auth:21.0.1] AndroidManifest.xml:51:13-61:29
91                <action android:name="android.intent.action.VIEW" />
91-->src\main\AndroidManifest.xml:26:17-69
91-->src\main\AndroidManifest.xml:26:25-66
92
93                <category android:name="android.intent.category.DEFAULT" />
93-->src\main\AndroidManifest.xml:27:17-76
93-->src\main\AndroidManifest.xml:27:27-73
94                <category android:name="android.intent.category.BROWSABLE" />
94-->src\main\AndroidManifest.xml:28:17-78
94-->src\main\AndroidManifest.xml:28:27-75
95
96                <data
96-->src\main\AndroidManifest.xml:29:17-75
97                    android:host="firebase.auth"
98                    android:path="/"
99                    android:scheme="recaptcha" />
99-->src\main\AndroidManifest.xml:29:23-72
100            </intent-filter>
101        </activity>
102
103        <service
103-->[com.google.firebase:firebase-auth:21.0.1] AndroidManifest.xml:64:9-73:19
104            android:name="com.google.firebase.auth.api.fallback.service.FirebaseAuthFallbackService"
104-->[com.google.firebase:firebase-auth:21.0.1] AndroidManifest.xml:65:13-101
105            android:enabled="true"
105-->[com.google.firebase:firebase-auth:21.0.1] AndroidManifest.xml:66:13-35
106            android:exported="false" >
106-->[com.google.firebase:firebase-auth:21.0.1] AndroidManifest.xml:67:13-37
107            <intent-filter>
107-->[com.google.firebase:firebase-auth:21.0.1] AndroidManifest.xml:68:13-72:29
108                <action android:name="com.google.firebase.auth.api.gms.service.START" />
108-->[com.google.firebase:firebase-auth:21.0.1] AndroidManifest.xml:69:17-89
108-->[com.google.firebase:firebase-auth:21.0.1] AndroidManifest.xml:69:25-86
109
110                <category android:name="android.intent.category.DEFAULT" />
110-->src\main\AndroidManifest.xml:27:17-76
110-->src\main\AndroidManifest.xml:27:27-73
111            </intent-filter>
112        </service>
113        <service
113-->[com.google.firebase:firebase-auth:21.0.1] AndroidManifest.xml:74:9-80:19
114            android:name="com.google.firebase.components.ComponentDiscoveryService"
114-->[com.google.firebase:firebase-auth:21.0.1] AndroidManifest.xml:75:13-84
115            android:directBootAware="true"
115-->[com.google.firebase:firebase-common:20.0.0] AndroidManifest.xml:35:13-43
116            android:exported="false" >
116-->[com.google.firebase:firebase-auth:21.0.1] AndroidManifest.xml:76:13-37
117            <meta-data
117-->[com.google.firebase:firebase-auth:21.0.1] AndroidManifest.xml:77:13-79:85
118                android:name="com.google.firebase.components:com.google.firebase.auth.FirebaseAuthRegistrar"
118-->[com.google.firebase:firebase-auth:21.0.1] AndroidManifest.xml:78:17-109
119                android:value="com.google.firebase.components.ComponentRegistrar" />
119-->[com.google.firebase:firebase-auth:21.0.1] AndroidManifest.xml:79:17-82
120            <meta-data
120-->[com.google.firebase:firebase-database:20.0.1] AndroidManifest.xml:32:13-34:85
121                android:name="com.google.firebase.components:com.google.firebase.database.DatabaseRegistrar"
121-->[com.google.firebase:firebase-database:20.0.1] AndroidManifest.xml:33:17-109
122                android:value="com.google.firebase.components.ComponentRegistrar" />
122-->[com.google.firebase:firebase-database:20.0.1] AndroidManifest.xml:34:17-82
123        </service>
124
125        <activity
125-->[com.google.android.gms:play-services-auth:19.2.0] AndroidManifest.xml:23:9-27:75
126            android:name="com.google.android.gms.auth.api.signin.internal.SignInHubActivity"
126-->[com.google.android.gms:play-services-auth:19.2.0] AndroidManifest.xml:24:13-93
127            android:excludeFromRecents="true"
127-->[com.google.android.gms:play-services-auth:19.2.0] AndroidManifest.xml:25:13-46
128            android:exported="false"
128-->[com.google.android.gms:play-services-auth:19.2.0] AndroidManifest.xml:26:13-37
129            android:theme="@android:style/Theme.Translucent.NoTitleBar" />
129-->[com.google.android.gms:play-services-auth:19.2.0] AndroidManifest.xml:27:13-72
130        <!--
131            Service handling Google Sign-In user revocation. For apps that do not integrate with
132            Google Sign-In, this service will never be started.
133        -->
134        <service
134-->[com.google.android.gms:play-services-auth:19.2.0] AndroidManifest.xml:33:9-37:51
135            android:name="com.google.android.gms.auth.api.signin.RevocationBoundService"
135-->[com.google.android.gms:play-services-auth:19.2.0] AndroidManifest.xml:34:13-89
136            android:exported="true"
136-->[com.google.android.gms:play-services-auth:19.2.0] AndroidManifest.xml:35:13-36
137            android:permission="com.google.android.gms.auth.api.signin.permission.REVOCATION_NOTIFICATION"
137-->[com.google.android.gms:play-services-auth:19.2.0] AndroidManifest.xml:36:13-107
138            android:visibleToInstantApps="true" />
138-->[com.google.android.gms:play-services-auth:19.2.0] AndroidManifest.xml:37:13-48
139
140        <provider
140-->[com.google.firebase:firebase-common:20.0.0] AndroidManifest.xml:26:9-31:39
141            android:name="com.google.firebase.provider.FirebaseInitProvider"
141-->[com.google.firebase:firebase-common:20.0.0] AndroidManifest.xml:27:13-77
142            android:authorities="com.example.upmessenger.firebaseinitprovider"
142-->[com.google.firebase:firebase-common:20.0.0] AndroidManifest.xml:28:13-72
143            android:directBootAware="true"
143-->[com.google.firebase:firebase-common:20.0.0] AndroidManifest.xml:29:13-43
144            android:exported="false"
144-->[com.google.firebase:firebase-common:20.0.0] AndroidManifest.xml:30:13-37
145            android:initOrder="100" />
145-->[com.google.firebase:firebase-common:20.0.0] AndroidManifest.xml:31:13-36
146
147        <activity
147-->[com.google.android.gms:play-services-base:17.5.0] AndroidManifest.xml:23:9-26:75
148            android:name="com.google.android.gms.common.api.GoogleApiActivity"
148-->[com.google.android.gms:play-services-base:17.5.0] AndroidManifest.xml:24:13-79
149            android:exported="false"
149-->[com.google.android.gms:play-services-base:17.5.0] AndroidManifest.xml:25:13-37
150            android:theme="@android:style/Theme.Translucent.NoTitleBar" />
150-->[com.google.android.gms:play-services-base:17.5.0] AndroidManifest.xml:26:13-72
151
152        <meta-data
152-->[com.google.android.gms:play-services-basement:17.5.0] AndroidManifest.xml:23:9-25:69
153            android:name="com.google.android.gms.version"
153-->[com.google.android.gms:play-services-basement:17.5.0] AndroidManifest.xml:24:13-58
154            android:value="@integer/google_play_services_version" />
154-->[com.google.android.gms:play-services-basement:17.5.0] AndroidManifest.xml:25:13-66
155        <!--
156         The initialization ContentProvider will call FacebookSdk.sdkInitialize automatically
157         with the application context. This config is merged in with the host app's manifest,
158         but there can only be one provider with the same authority activated at any given
159         point; so if the end user has two or more different apps that use Facebook SDK, only the
160         first one will be able to use the provider. To work around this problem, we use the
161         following placeholder in the authority to identify each host application as if it was
162         a completely different provider.
163        -->
164        <provider
164-->[com.facebook.android:facebook-core:5.15.3] AndroidManifest.xml:39:9-42:40
165            android:name="com.facebook.internal.FacebookInitProvider"
165-->[com.facebook.android:facebook-core:5.15.3] AndroidManifest.xml:40:13-70
166            android:authorities="com.example.upmessenger.FacebookInitProvider"
166-->[com.facebook.android:facebook-core:5.15.3] AndroidManifest.xml:41:13-72
167            android:exported="false" />
167-->[com.facebook.android:facebook-core:5.15.3] AndroidManifest.xml:42:13-37
168
169        <receiver
169-->[com.facebook.android:facebook-core:5.15.3] AndroidManifest.xml:44:9-50:20
170            android:name="com.facebook.CurrentAccessTokenExpirationBroadcastReceiver"
170-->[com.facebook.android:facebook-core:5.15.3] AndroidManifest.xml:45:13-86
171            android:exported="false" >
171-->[com.facebook.android:facebook-core:5.15.3] AndroidManifest.xml:46:13-37
172            <intent-filter>
172-->[com.facebook.android:facebook-core:5.15.3] AndroidManifest.xml:47:13-49:29
173                <action android:name="com.facebook.sdk.ACTION_CURRENT_ACCESS_TOKEN_CHANGED" />
173-->[com.facebook.android:facebook-core:5.15.3] AndroidManifest.xml:48:17-95
173-->[com.facebook.android:facebook-core:5.15.3] AndroidManifest.xml:48:25-92
174            </intent-filter>
175        </receiver>
176    </application>
177
178</manifest>